Дата и время вызова функции: 08/10/2023, 11:07:58
 Функция: flat_generator
 Аргументы: ([[['a'], ['b', 'c']], ['d', 'e', [['f'], 'h'], False], [1, 2, None, [[[[['!']]]]], []]],), {}
 Возвращаемое значение: <generator object flat_generator at 0x000001B8C14BDF90>

Дата и время вызова функции: 08/10/2023, 11:07:58
 Функция: flat_generator
 Аргументы: ([['a'], ['b', 'c']],), {}
 Возвращаемое значение: <generator object flat_generator at 0x000001B8C14E5040>

Дата и время вызова функции: 08/10/2023, 11:07:58
 Функция: flat_generator
 Аргументы: (['a'],), {}
 Возвращаемое значение: <generator object flat_generator at 0x000001B8C14E50B0>

Дата и время вызова функции: 08/10/2023, 11:07:58
 Функция: flat_generator
 Аргументы: (['b', 'c'],), {}
 Возвращаемое значение: <generator object flat_generator at 0x000001B8C14E50B0>

Дата и время вызова функции: 08/10/2023, 11:07:58
 Функция: flat_generator
 Аргументы: (['d', 'e', [['f'], 'h'], False],), {}
 Возвращаемое значение: <generator object flat_generator at 0x000001B8C14E5040>

Дата и время вызова функции: 08/10/2023, 11:07:58
 Функция: flat_generator
 Аргументы: ([['f'], 'h'],), {}
 Возвращаемое значение: <generator object flat_generator at 0x000001B8C14E50B0>

Дата и время вызова функции: 08/10/2023, 11:07:58
 Функция: flat_generator
 Аргументы: (['f'],), {}
 Возвращаемое значение: <generator object flat_generator at 0x000001B8C14E52E0>

Дата и время вызова функции: 08/10/2023, 11:07:58
 Функция: flat_generator
 Аргументы: ([1, 2, None, [[[[['!']]]]], []],), {}
 Возвращаемое значение: <generator object flat_generator at 0x000001B8C14E5040>

Дата и время вызова функции: 08/10/2023, 11:07:58
 Функция: flat_generator
 Аргументы: ([[[[['!']]]]],), {}
 Возвращаемое значение: <generator object flat_generator at 0x000001B8C14E50B0>

Дата и время вызова функции: 08/10/2023, 11:07:58
 Функция: flat_generator
 Аргументы: ([[[['!']]]],), {}
 Возвращаемое значение: <generator object flat_generator at 0x000001B8C14E52E0>

Дата и время вызова функции: 08/10/2023, 11:07:58
 Функция: flat_generator
 Аргументы: ([[['!']]],), {}
 Возвращаемое значение: <generator object flat_generator at 0x000001B8C14E5350>

Дата и время вызова функции: 08/10/2023, 11:07:58
 Функция: flat_generator
 Аргументы: ([['!']],), {}
 Возвращаемое значение: <generator object flat_generator at 0x000001B8C14E5430>

Дата и время вызова функции: 08/10/2023, 11:07:58
 Функция: flat_generator
 Аргументы: (['!'],), {}
 Возвращаемое значение: <generator object flat_generator at 0x000001B8C14E54A0>

Дата и время вызова функции: 08/10/2023, 11:07:58
 Функция: flat_generator
 Аргументы: ([],), {}
 Возвращаемое значение: <generator object flat_generator at 0x000001B8C14E50B0>

